haUIStudents/build/outputs/logs/manifest-merger-debug-report.txt
-- Merging decision tree log ---
manifest
ADDED from src/main/AndroidManifest.xml:2:1-170:12
	xmlns:tools
		ADDED from src/main/AndroidManifest.xml:3:5-51
	xmlns:android
		ADDED from src/main/AndroidManifest.xml:2:11-69
	package
		ADDED from src/main/AndroidManifest.xml:4:5-31
		INJECTED from src/main/AndroidManifest.xml
		INJECTED from src/main/AndroidManifest.xml
	android:versionName
		ADDED from src/main/AndroidManifest.xml:6:5-30
	android:versionCode
		ADDED from src/main/AndroidManifest.xml:5:5-28
		INJECTED from src/main/AndroidManifest.xml
		INJECTED from src/main/AndroidManifest.xml
uses-sdk
ADDED from src/main/AndroidManifest.xml:8:5-11:41
MERGED from [Android Studio:library:unspecified] AndroidManifest.xml:7:5-9:40
MERGED from [com.jeremyfeinstein.slidingmenu:library:1.3] AndroidManifest.xml:4:5-72
MERGED from [com.android.support:support-v4:22.2.1] AndroidManifest.xml:20:5-43
MERGED from [com.android.support:recyclerview-v7:22.2.1] AndroidManifest.xml:20:5-43
MERGED from [com.android.support:support-v4:22.2.1] AndroidManifest.xml:20:5-43
MERGED from [com.android.support:cardview-v7:22.2.1] AndroidManifest.xml:20:5-43
MERGED from [Android Studio:holoGraphLibrary:unspecified] AndroidManifest.xml:7:5-9:41
MERGED from [com.android.support:appcompat-v7:22.2.1] AndroidManifest.xml:20:5-43
MERGED from [com.android.support:support-v4:22.2.1] AndroidManifest.xml:20:5-43
MERGED from [com.yalantis:contextmenu:1.0.4] AndroidManifest.xml:7:5-9:41
MERGED from [com.android.support:appcompat-v7:22.2.1] AndroidManifest.xml:20:5-43
MERGED from [com.android.support:support-v4:22.2.1] AndroidManifest.xml:20:5-43
	android:targetSdkVersion
		ADDED from src/main/AndroidManifest.xml:11:9-38
		INJECTED from src/main/AndroidManifest.xml
		INJECTED from src/main/AndroidManifest.xml
	android:minSdkVersion
		ADDED from src/main/AndroidManifest.xml:10:9-35
		INJECTED from src/main/AndroidManifest.xml
		INJECTED from src/main/AndroidManifest.xml
	xmlns:tools
		ADDED from src/main/AndroidManifest.xml:9:9-55
uses-permission#android.permission.INTERNET
ADDED from src/main/AndroidManifest.xml:14:5-67
	android:name
		ADDED from src/main/AndroidManifest.xml:14:22-64
uses-permission#android.permission.ACCESS_NETWORK_STATE
ADDED from src/main/AndroidManifest.xml:17:5-79
	android:name
		ADDED from src/main/AndroidManifest.xml:17:22-76
uses-permission#android.permission.ACCESS_WIFI_STATE
ADDED from src/main/AndroidManifest.xml:20:5-76
	android:name
		ADDED from src/main/AndroidManifest.xml:20:22-73
uses-permission#android.permission.READ_EXTERNAL_STORAGE
ADDED from src/main/AndroidManifest.xml:23:5-80
	android:name
		ADDED from src/main/AndroidManifest.xml:23:22-77
application
ADDED from src/main/AndroidManifest.xml:25:5-168:19
MERGED from [Android Studio:library:unspecified] AndroidManifest.xml:11:5-20
MERGED from [com.android.support:support-v4:22.2.1] AndroidManifest.xml:22:5-20
MERGED from [com.android.support:support-v4:22.2.1] AndroidManifest.xml:22:5-20
MERGED from [com.android.support:cardview-v7:22.2.1] AndroidManifest.xml:22:5-20
MERGED from [Android Studio:holoGraphLibrary:unspecified] AndroidManifest.xml:11:5-16:19
MERGED from [com.android.support:appcompat-v7:22.2.1] AndroidManifest.xml:22:5-20
MERGED from [com.android.support:support-v4:22.2.1] AndroidManifest.xml:22:5-20
MERGED from [com.yalantis:contextmenu:1.0.4] AndroidManifest.xml:11:5-12:19
MERGED from [com.android.support:appcompat-v7:22.2.1] AndroidManifest.xml:22:5-20
MERGED from [com.android.support:support-v4:22.2.1] AndroidManifest.xml:22:5-20
	android:label
		ADDED from src/main/AndroidManifest.xml:29:9-41
		REJECTED from [Android Studio:holoGraphLibrary:unspecified] AndroidManifest.xml:14:9-41
	android:allowBackup
		ADDED from src/main/AndroidManifest.xml:27:9-35
	android:icon
		ADDED from src/main/AndroidManifest.xml:28:9-42
		REJECTED from [Android Studio:holoGraphLibrary:unspecified] AndroidManifest.xml:13:9-45
	android:theme
		ADDED from src/main/AndroidManifest.xml:30:9-53
		REJECTED from [Android Studio:holoGraphLibrary:unspecified] AndroidManifest.xml:15:9-40
	tools:replace
		ADDED from src/main/AndroidManifest.xml:26:9-42
activity#com.startapp.android.publish.list3d.List3DActivity
ADDED from src/main/AndroidManifest.xml:31:9-34:52
	android:theme
		ADDED from src/main/AndroidManifest.xml:34:13-49
	android:taskAffinity
		ADDED from src/main/AndroidManifest.xml:33:13-71
	android:name
		ADDED from src/main/AndroidManifest.xml:32:13-78
activity#com.startapp.android.publish.AppWallActivity
ADDED from src/main/AndroidManifest.xml:35:9-39:64
	android:configChanges
		ADDED from src/main/AndroidManifest.xml:37:13-63
	android:theme
		ADDED from src/main/AndroidManifest.xml:39:13-61
	android:taskAffinity
		ADDED from src/main/AndroidManifest.xml:38:13-71
	android:name
		ADDED from src/main/AndroidManifest.xml:36:13-72
activity#qlcl.search.haui.activity.Splash_Screen
ADDED from src/main/AndroidManifest.xml:40:9-50:20
	android:screenOrientation
		ADDED from src/main/AndroidManifest.xml:43:13-49
	android:label
		ADDED from src/main/AndroidManifest.xml:42:13-45
	android:theme
		ADDED from src/main/AndroidManifest.xml:44:13-57
	android:name
		ADDED from src/main/AndroidManifest.xml:41:13-67
intent-filter#android.intent.action.MAIN+android.intent.category.LAUNCHER
ADDED from src/main/AndroidManifest.xml:45:13-49:29
action#android.intent.action.MAIN
ADDED from src/main/AndroidManifest.xml:46:17-69
	android:name
		ADDED from src/main/AndroidManifest.xml:46:25-66
category#android.intent.category.LAUNCHER
ADDED from src/main/AndroidManifest.xml:48:17-77
	android:name
		ADDED from src/main/AndroidManifest.xml:48:27-74
activity#qlcl.search.haui.activity.main
ADDED from src/main/AndroidManifest.xml:51:9-54:20
	android:screenOrientation
		ADDED from src/main/AndroidManifest.xml:53:13-49
	android:name
		ADDED from src/main/AndroidManifest.xml:52:13-58
activity#qlcl.search.haui.activity.Activity_NhapMaSV_KHoiDau
ADDED from src/main/AndroidManifest.xml:55:9-59:20
	android:screenOrientation
		ADDED from src/main/AndroidManifest.xml:57:13-49
	android:theme
		ADDED from src/main/AndroidManifest.xml:58:13-57
	android:name
		ADDED from src/main/AndroidManifest.xml:56:13-79
activity#qlcl.search.haui.activity.activity_webView
ADDED from src/main/AndroidManifest.xml:60:9-64:20
	android:screenOrientation
		ADDED from src/main/AndroidManifest.xml:62:13-49
	android:theme
		ADDED from src/main/AndroidManifest.xml:63:13-57
	android:name
		ADDED from src/main/AndroidManifest.xml:61:13-70
activity#qlcl.search.haui.activity.activity_TichLuy
ADDED from src/main/AndroidManifest.xml:65:9-69:20
	android:screenOrientation
		ADDED from src/main/AndroidManifest.xml:67:13-49
	android:theme
		ADDED from src/main/AndroidManifest.xml:68:13-57
	android:name
		ADDED from src/main/AndroidManifest.xml:66:13-70
activity#qlcl.search.haui.activity.activity_ChiTietLichThi
ADDED from src/main/AndroidManifest.xml:70:9-74:20
	android:screenOrientation
		ADDED from src/main/AndroidManifest.xml:72:13-49
	android:theme
		ADDED from src/main/AndroidManifest.xml:73:13-48
	android:name
		ADDED from src/main/AndroidManifest.xml:71:13-77
activity#qlcl.search.haui.activity.flip_lichThi
ADDED from src/main/AndroidManifest.xml:75:9-79:20
	android:screenOrientation
		ADDED from src/main/AndroidManifest.xml:77:13-49
	android:theme
		ADDED from src/main/AndroidManifest.xml:78:13-48
	android:name
		ADDED from src/main/AndroidManifest.xml:76:13-66
activity#qlcl.search.haui.activity.activity_ChiTietKetQuaThi
ADDED from src/main/AndroidManifest.xml:80:9-84:20
	android:screenOrientation
		ADDED from src/main/AndroidManifest.xml:82:13-49
	android:theme
		ADDED from src/main/AndroidManifest.xml:83:13-57
	android:name
		ADDED from src/main/AndroidManifest.xml:81:13-79
activity#qlcl.search.haui.activity.flip_ketquathi
ADDED from src/main/AndroidManifest.xml:85:9-89:20
	android:screenOrientation
		ADDED from src/main/AndroidManifest.xml:87:13-49
	android:theme
		ADDED from src/main/AndroidManifest.xml:88:13-57
	android:name
		ADDED from src/main/AndroidManifest.xml:86:13-68
activity#qlcl.search.haui.activity.activity_ChiTietKetQuaHocTap
ADDED from src/main/AndroidManifest.xml:90:9-94:20
	android:screenOrientation
		ADDED from src/main/AndroidManifest.xml:92:13-49
	android:theme
		ADDED from src/main/AndroidManifest.xml:93:13-57
	android:name
		ADDED from src/main/AndroidManifest.xml:91:13-82
activity#qlcl.search.haui.activity.activity_help
ADDED from src/main/AndroidManifest.xml:95:9-98:20
	android:screenOrientation
		ADDED from src/main/AndroidManifest.xml:97:13-49
	android:name
		ADDED from src/main/AndroidManifest.xml:96:13-67
activity#qlcl.search.haui.activity.activity_chitiet_student_ketquahoctap
ADDED from src/main/AndroidManifest.xml:99:9-102:20
	android:screenOrientation
		ADDED from src/main/AndroidManifest.xml:101:13-49
	android:name
		ADDED from src/main/AndroidManifest.xml:100:13-91
activity#qlcl.search.haui.activity.activity_DiemThi_TheoLop
ADDED from src/main/AndroidManifest.xml:103:9-106:20
	android:screenOrientation
		ADDED from src/main/AndroidManifest.xml:105:13-49
	android:name
		ADDED from src/main/AndroidManifest.xml:104:13-78
activity#qlcl.search.haui.activity.acticity_Student_KetQuaHocTap
ADDED from src/main/AndroidManifest.xml:107:9-110:20
	android:screenOrientation
		ADDED from src/main/AndroidManifest.xml:109:13-49
	android:name
		ADDED from src/main/AndroidManifest.xml:108:13-83
receiver#qlcl.search.haui.BroadCast.NetWorkChange
ADDED from src/main/AndroidManifest.xml:112:9-116:20
	android:name
		ADDED from src/main/AndroidManifest.xml:112:19-74
intent-filter#android.net.conn.CONNECTIVITY_CHANGE
ADDED from src/main/AndroidManifest.xml:113:13-115:29
action#android.net.conn.CONNECTIVITY_CHANGE
ADDED from src/main/AndroidManifest.xml:114:17-79
	android:name
		ADDED from src/main/AndroidManifest.xml:114:25-76
activity#qlcl.search.haui.activity.activity_Setting
ADDED from src/main/AndroidManifest.xml:118:9-121:20
	android:screenOrientation
		ADDED from src/main/AndroidManifest.xml:120:13-49
	android:name
		ADDED from src/main/AndroidManifest.xml:119:13-70
activity#qlcl.search.haui.activity.activity_nhapMatKhauMoi
ADDED from src/main/AndroidManifest.xml:122:9-125:20
	android:screenOrientation
		ADDED from src/main/AndroidManifest.xml:124:13-49
	android:name
		ADDED from src/main/AndroidManifest.xml:123:13-77
activity#qlcl.search.haui.activity.activity_xacnhanMK
ADDED from src/main/AndroidManifest.xml:126:9-129:20
	android:screenOrientation
		ADDED from src/main/AndroidManifest.xml:128:13-49
	android:name
		ADDED from src/main/AndroidManifest.xml:127:13-72
activity#qlcl.search.haui.activity.activity_DangNhap
ADDED from src/main/AndroidManifest.xml:130:9-134:20
	android:screenOrientation
		ADDED from src/main/AndroidManifest.xml:132:13-49
	android:theme
		ADDED from src/main/AndroidManifest.xml:133:13-56
	android:name
		ADDED from src/main/AndroidManifest.xml:131:13-71
activity#org.achartengine.GraphicalActivity
ADDED from src/main/AndroidManifest.xml:135:9-138:52
	android:screenOrientation
		ADDED from src/main/AndroidManifest.xml:138:13-49
	android:label
		ADDED from src/main/AndroidManifest.xml:137:13-45
	android:name
		ADDED from src/main/AndroidManifest.xml:136:13-62
service#qlcl.search.haui.service.Service_Check_DiemThi
ADDED from src/main/AndroidManifest.xml:140:9-141:19
	android:name
		ADDED from src/main/AndroidManifest.xml:140:18-79
service#qlcl.search.haui.service.Service_Check_LichThi
ADDED from src/main/AndroidManifest.xml:144:9-145:19
	android:name
		ADDED from src/main/AndroidManifest.xml:144:18-79
service#qlcl.search.haui.service.Service_Check_KQHT
ADDED from src/main/AndroidManifest.xml:148:9-149:19
	android:name
		ADDED from src/main/AndroidManifest.xml:148:18-76
activity#com.startapp.android.eula.EULAActivity
ADDED from src/main/AndroidManifest.xml:151:9-154:64
	android:configChanges
		ADDED from src/main/AndroidManifest.xml:153:13-72
	android:theme
		ADDED from src/main/AndroidManifest.xml:154:13-61
	android:name
		ADDED from src/main/AndroidManifest.xml:152:13-66
receiver#qlcl.search.haui.activity.act_widget
ADDED from src/main/AndroidManifest.xml:157:9-167:20
	android:label
		ADDED from src/main/AndroidManifest.xml:159:13-46
	android:name
		ADDED from src/main/AndroidManifest.xml:158:13-64
intent-filter#android.appwidget.action.APPWIDGET_UPDATE
ADDED from src/main/AndroidManifest.xml:160:13-162:29
action#android.appwidget.action.APPWIDGET_UPDATE
ADDED from src/main/AndroidManifest.xml:161:17-84
	android:name
		ADDED from src/main/AndroidManifest.xml:161:25-81
meta-data#android.appwidget.provider
ADDED from src/main/AndroidManifest.xml:164:13-166:55
	android:resource
		ADDED from src/main/AndroidManifest.xml:166:17-52
	android:name
		ADDED from src/main/AndroidManifest.xml:165:17-58